<?xml version="1.0" encoding="UTF-8"?>
<testng-results ignored="0" total="2" passed="2" failed="0" skipped="0">
  <reporter-output>
    <line>
      <![CDATA[########launching......Chrome]]>
    </line>
    <line>
      <![CDATA[########launching......edge]]>
    </line>
  </reporter-output>
  <suite started-at="2022-01-21T18:18:46 IST" name="Suite" finished-at="2022-01-21T18:19:10 IST" duration-ms="24077">
    <groups>
    </groups>
    <test started-at="2022-01-21T18:18:46 IST" name="Test" finished-at="2022-01-21T18:19:10 IST" duration-ms="24077">
      <class name="scripts.DragAndDropTest">
        <test-method signature="verifrDragAndDrop()[pri:0, instance:scripts.DragAndDropTest@255b53dc]" started-at="2022-01-21T18:19:04 IST" name="verifrDragAndDrop" finished-at="2022-01-21T18:19:10 IST" duration-ms="6326" status="PASS">
          <reporter-output>
            <line>
              <![CDATA[########launching......edge]]>
            </line>
          </reporter-output>
        </test-method> <!-- verifrDragAndDrop -->
      </class> <!-- scripts.DragAndDropTest -->
      <class name="scripts.MultipleWindowTest">
        <test-method signature="verifyMultipleWindow()[pri:0, instance:scripts.MultipleWindowTest@731f8236]" started-at="2022-01-21T18:18:46 IST" name="verifyMultipleWindow" finished-at="2022-01-21T18:19:04 IST" duration-ms="17712" status="PASS">
          <reporter-output>
            <line>
              <![CDATA[########launching......Chrome]]>
            </line>
          </reporter-output>
        </test-method> <!-- verifyMultipleWindow -->
      </class> <!-- scripts.MultipleWindowTest -->
    </test> <!-- Test -->
  </suite> <!-- Suite -->
</testng-results>
